<?xml version="1.0" encoding="UTF-8"?>
<!-- Generated by org.testng.reporters.JUnitReportReporter -->
<testsuite hostname="NagarjunReddy" failures="0" tests="2" name="runners.RunCucumber" time="0.298" errors="0" timestamp="23 Feb 2024 05:49:39 GMT" skipped="0">
  <testcase classname="runners.RunCucumber" name="runScenario" time="0.006"/>
  <testcase classname="runners.RunCucumber" name="runScenario" time="0.292"/>
</testsuite> <!-- runners.RunCucumber -->
