<?xml version="1.0" encoding="UTF-8"?>
<!-- Generated by org.testng.reporters.JUnitReportReporter -->
<testsuite hostname="NagarjunReddy" failures="0" tests="1" name="runners.RunCucumber" time="0.167" errors="0" timestamp="22 Feb 2024 05:34:19 GMT" skipped="0">
  <testcase classname="runners.RunCucumber" name="runScenario" time="0.167"/>
</testsuite> <!-- runners.RunCucumber -->
